make all --print-data-base --no-builtin-variables --no-builtin-rules --question
# GNU Make 4.2.1
# Built for x86_64-pc-linux-gnu
# Copyright (C) 1988-2016 Free Software Foundation, Inc.
# License GPLv3+: GNU GPL version 3 or later <http://gnu.org/licenses/gpl.html>
# This is free software: you are free to change and redistribute it.
# There is NO WARRANTY, to the extent permitted by law.

# Make data base, printed on Fri Jun 10 08:34:19 2022

# Variables

# makefile (from 'Makefile', line 1)
wasm_src_path = ./target/wasm32-unknown-unknown/release/
# 'override' directive
GNUMAKEFLAGS := 
# makefile (from 'Makefile', line 6)
fee_distributor_des_wasm = ./fee-distributor/fee-distributor-tests/wasm
# automatic
<D = $(patsubst %/,%,$(dir $<))
# automatic
?F = $(notdir $?)
# environment
PAPERSIZE = letter
# environment
DESKTOP_SESSION = ubuntu
# default
.SHELLFLAGS := -c
# environment
XDG_SESSION_CLASS = user
# makefile (from 'Makefile', line 16)
vesting_escrow_simple_des_wasm = ./vesting-escrow-simple/vesting-escrow-simple-tests/wasm
# environment
XDG_SESSION_TYPE = x11
# environment
VSCODE_LOG_NATIVE = false
# automatic
?D = $(patsubst %/,%,$(dir $?))
# environment
IM_CONFIG_PHASE = 1
# automatic
@D = $(patsubst %/,%,$(dir $@))
# environment
XAUTHORITY = /run/user/1000/gdm/Xauthority
# environment
GDMSESSION = ubuntu
# environment
XMODIFIERS = @im=ibus
# makefile
CURDIR := /home/saad/CasperLabs-Curve-DAO
# makefile
SHELL = /bin/sh
# environment
VSCODE_NLS_CONFIG = {"locale":"en-us","availableLanguages":{},"_languagePackSupport":true}
# makefile (from 'Makefile', line 4)
erc20_des_wasm = ./erc20/erc20-tests/wasm
# environment
_ = /usr/share/code/code
# environment
JOURNAL_STREAM = 8:37745
# environment
XDG_CONFIG_DIRS = /etc/xdg/xdg-ubuntu:/etc/xdg
# makefile (from 'Makefile', line 7)
gauge_controller_des_wasm = ./gauge-controller/gauge-controller-tests/wasm
# makefile (from 'Makefile', line 1)
MAKEFILE_LIST :=  Makefile
# automatic
@F = $(notdir $@)
# environment
GIO_LAUNCHED_DESKTOP_FILE = /usr/share/applications/code.desktop
# environment
USERNAME = saad
# environment
MAKELEVEL := 0
# environment
XDG_DATA_DIRS = /usr/share/ubuntu:/usr/local/share/:/usr/share/:/var/lib/snapd/desktop
# environment
DBUS_SESSION_BUS_ADDRESS = unix:path=/run/user/1000/bus
# environment
VSCODE_VERBOSE_LOGGING = true
# makefile (from 'Makefile', line 15)
vesting_escrow_factory_des_wasm = ./vesting-escrow-factory/vesting-escrow-factory-tests/wasm
# environment
MANAGERPID = 1443
# makefile (from 'Makefile', line 18)
ownable_des_wasm = ./ownable/ownable-tests/wasm/
# environment
LESSOPEN = | /usr/bin/lesspipe %s
# environment
LC_NAME = en_US.UTF-8
# environment
VSCODE_CWD = /home/saad
# default
MAKE_HOST := x86_64-pc-linux-gnu
# environment
PATH = /home/saad/.cargo/bin:/usr/local/sbin:/usr/local/bin:/usr/sbin:/usr/bin:/sbin:/bin:/usr/games:/usr/local/games:/snap/bin
# environment
GPG_AGENT_INFO = /run/user/1000/gnupg/S.gpg-agent:0:1
# environment
GJS_DEBUG_OUTPUT = stderr
# environment
SESSION_MANAGER = local/Muhammad-Saad-Majeed:@/tmp/.ICE-unix/1658,unix/Muhammad-Saad-Majeed:/tmp/.ICE-unix/1658
# environment
XDG_RUNTIME_DIR = /run/user/1000
# makefile (from 'Makefile', line 14)
vesting_escrow_des_wasm = ./vesting-escrow/vesting-escrow-tests/wasm
# environment
XDG_MENU_PREFIX = gnome-
# environment
VSCODE_LOG_STACK = false
# environment
ELECTRON_RUN_AS_NODE = 1
# makefile (from 'Makefile', line 5)
erc20_crv_des_wasm = ./erc20-crv/erc20-crv-tests/wasm
# environment
INVOCATION_ID = cf78d5e49bcb46d7afef28fe1cdfcdb8
# default
.FEATURES := target-specific order-only second-expansion else-if shortest-stem undefine oneshell archives jobserver output-sync check-symlink load
# environment
LS_COLORS = 
# environment
XDG_SESSION_DESKTOP = ubuntu
# environment
SSH_AUTH_SOCK = /run/user/1000/keyring/ssh
# environment
GIO_LAUNCHED_DESKTOP_FILE_PID = 4717
# automatic
%F = $(notdir $%)
# environment
DISPLAY = :0
# environment
VSCODE_PIPE_LOGGING = true
# makefile (from 'Makefile', line 3)
curve_token_v3_des_wasm = ./curve-token-v3/curve-token-v3-tests/wasm
# environment
PWD = /home/saad/CasperLabs-Curve-DAO
# default
.LOADED := 
# environment
SSH_AGENT_PID = 1620
# makefile (from 'Makefile', line 10)
liquidity_gauge_reward_wrapper_des_wasm = ./liquidity-gauge-reward-wrapper/liquidity-gauge-reward-wrapper-tests/wasm
# environment
ORIGINAL_XDG_CURRENT_DESKTOP = ubuntu:GNOME
# environment
GTK_MODULES = gail:atk-bridge
# makefile (from 'Makefile', line 21)
curve_rewards_des_wasm = ./curve-rewards/curve-rewards-tests/wasm/
# environment
VSCODE_AMD_ENTRYPOINT = vs/workbench/api/node/extensionHostProcess
# environment
HOME = /home/saad
# environment
LESSCLOSE = /usr/bin/lesspipe %s %s
# environment
VSCODE_CODE_CACHE_PATH = /home/saad/.config/Code/CachedData/c3511e6c69bb39013c4a4b7b9566ec1ca73fc4d5
# makefile (from 'Makefile', line 11)
liquidity_gauge_wrapper_des_wasm = ./liquidity-gauge-wrapper/liquidity-gauge-wrapper-tests/wasm
# environment
LOGNAME = saad
# makefile (from 'Makefile', line 19)
i_reward_distribution_recipient_des_wasm = ./i-reward-distribution-recipient/i-reward-distribution-recipient-tests/wasm/
# environment
APPLICATION_INSIGHTS_NO_DIAGNOSTIC_CHANNEL = 1
# automatic
+F = $(notdir $+)
# environment
VSCODE_HANDLES_UNCAUGHT_ERRORS = true
# environment
GNOME_DESKTOP_SESSION_ID = this-is-deprecated
# automatic
^D = $(patsubst %/,%,$(dir $^))
# environment
LC_TIME = en_US.UTF-8
# default
MAKE = $(MAKE_COMMAND)
# default
MAKECMDGOALS := all
# environment
QT_IM_MODULE = ibus
# environment
SHLVL = 0
# environment
GNOME_SHELL_SESSION_MODE = ubuntu
# environment
VSCODE_IPC_HOOK_EXTHOST = /run/user/1000/vscode-ipc-bbff08db-54da-44eb-8f53-ffa133638f67.sock
# default
MAKE_VERSION := 4.2.1
# environment
USER = saad
# makefile (from 'Makefile', line 12)
minter_des_wasm = ./minter/minter-tests/wasm
# environment
LC_MONETARY = en_US.UTF-8
# makefile
.DEFAULT_GOAL := prepare
# environment
XDG_CURRENT_DESKTOP = Unity
# automatic
%D = $(patsubst %/,%,$(dir $%))
# environment
LC_TELEPHONE = en_US.UTF-8
# default
MAKE_COMMAND := make
# default
.VARIABLES := 
# automatic
*F = $(notdir $*)
# environment
VSCODE_IPC_HOOK = /run/user/1000/vscode-5261ece5-1.67.2-main.sock
# makefile
MAKEFLAGS = pqrR
# environment
MFLAGS = -pqrR
# automatic
*D = $(patsubst %/,%,$(dir $*))
# makefile (from 'Makefile', line 8)
gauge_proxy_des_wasm = ./gauge-proxy/gauge-proxy-tests/wasm
# automatic
+D = $(patsubst %/,%,$(dir $+))
# environment
GDK_BACKEND = x11
# environment
LC_PAPER = en_US.UTF-8
# makefile (from 'Makefile', line 13)
reward_only_gauge_des_wasm = ./reward-only-gauge/reward-only-gauge-tests/wasm
# makefile (from 'Makefile', line 17)
voting_escrow_des_wasm = ./voting-escrow/voting-escrow-tests/wasm
# environment
QT_ACCESSIBILITY = 1
# makefile (from 'Makefile', line 9)
liquidity_gauge_reward_des_wasm = ./liquidity-gauge-reward/liquidity-gauge-reward-tests/wasm
# default
MAKEFILES := 
# environment
LC_NUMERIC = en_US.UTF-8
# automatic
<F = $(notdir $<)
# environment
LC_MEASUREMENT = en_US.UTF-8
# environment
LC_ALL = C
# environment
GJS_DEBUG_TOPICS = JS ERROR;JS LOG
# automatic
^F = $(notdir $^)
# default
SUFFIXES := 
# environment
CHROME_DESKTOP = code-url-handler.desktop
# environment
WINDOWPATH = 2
# default
.INCLUDE_DIRS = /usr/include /usr/local/include /usr/include
# environment
LC_IDENTIFICATION = en_US.UTF-8
# default
.RECIPEPREFIX := 
# environment
LC_ADDRESS = en_US.UTF-8
# makefile (from 'Makefile', line 20)
lp_token_wrapper_des_wasm = ./lp-token-wrapper/lp-token-wrapper-tests/wasm/
# environment
LANG = C
# environment
VSCODE_PID = 4717
# variable set hash-table stats:
# Load=127/1024=12%, Rehash=0, Collisions=20/155=13%

# Pattern-specific Variable Values

# No pattern-specific variable values.

# Directories

# . (device 66309, inode 8920201): 34 files, no impossibilities.

# 34 files, no impossibilities in 1 directories.

# Implicit Rules

 
# No implicit rules.

# Files

copy-wasm-file-erc20-crv:
#  Implicit rule search has not been done.
#  Modification time never checked.
#  File has not been updated.
#  recipe to execute (from 'Makefile', line 135):
	cp ${wasm_src_path}/erc20-crv-session-code.wasm ${erc20_crv_des_wasm}
	cp ${wasm_src_path}/erc20_crv.wasm ${erc20_crv_des_wasm}

test-vesting-escrow-simple:
#  Implicit rule search has not been done.
#  Modification time never checked.
#  File has not been updated.
#  recipe to execute (from 'Makefile', line 235):
	make build-contract-vesting-escrow-simple && make copy-wasm-file-vesting-escrow-simple && make test-only-vesting-escrow-simple

build-contract-liquidity-gauge-wrapper:
#  Implicit rule search has not been done.
#  Modification time never checked.
#  File has not been updated.
#  recipe to execute (from 'Makefile', line 57):
	cargo build --release -p erc20 -p minter -p liquidity-gauge-reward -p liquidity-gauge-wrapper-session-code -p liquidity-gauge-wrapper --target wasm32-unknown-unknown
	wasm-strip target/wasm32-unknown-unknown/release/liquidity-gauge-wrapper.wasm 2>/dev/null | true

build-contract-voting-escrow:
#  Implicit rule search has not been done.
#  Modification time never checked.
#  File has not been updated.
#  recipe to execute (from 'Makefile', line 75):
	cargo build --release -p session-code -p erc20 -p voting-escrow --target wasm32-unknown-unknown
	wasm-strip target/wasm32-unknown-unknown/release/vesting_escrow_simple.wasm 2>/dev/null | true

build-contract-fee-distributor:
#  Implicit rule search has not been done.
#  Modification time never checked.
#  File has not been updated.
#  recipe to execute (from 'Makefile', line 42):
	cargo build --release -p session-code -p erc20 -p voting-escrow -p fee-distributor --target wasm32-unknown-unknown
	wasm-strip target/wasm32-unknown-unknown/release/fee-distributor.wasm 2>/dev/null | true

build-liquidity-gauge-reward-wrapper-session-code:
#  Implicit rule search has not been done.
#  Modification time never checked.
#  File has not been updated.
#  recipe to execute (from 'Makefile', line 30):
	cargo build --release -p liquidity-gauge-reward-wrapper-session-code --target wasm32-unknown-unknown

copy-wasm-file-erc20:
#  Implicit rule search has not been done.
#  Modification time never checked.
#  File has not been updated.
#  recipe to execute (from 'Makefile', line 132):
	cp ${wasm_src_path}/erc20-proxy-token.wasm ${erc20_des_wasm}
	cp ${wasm_src_path}/erc20-token.wasm ${erc20_des_wasm}

all:
#  Command line target.
#  Implicit rule search has not been done.
#  Implicit/static pattern stem: ''
#  File does not exist.
#  File has been updated.
#  Needs to be updated (-q is set).
# automatic
# @ := all
# automatic
# % := 
# automatic
# * := 
# automatic
# + := 
# automatic
# | := 
# automatic
# < := 
# automatic
# ^ := 
# automatic
# ? := 
# variable set hash-table stats:
# Load=8/32=25%, Rehash=0, Collisions=1/11=9%
#  recipe to execute (from 'Makefile', line 258):
	make test-curve-token-v3
	make test-erc20
	make test-erc20-crv
	make test-fee-distributor
	make test-gauge-controller
	make test-gauge-proxy
	make test-liquidity-gauge-reward
	make test-liquidity-gauge-reward-wrapper
	make test-liquidity-gauge-wrapper
	make test-minter
	make test-reward-only-gauge
	make test-vesting-escrow
	make test-vesting-escrow-factory
	make test-vesting-escrow-simple
	make test-voting-escrow
	make test-ownable
	make test-i-reward-distribution-recipient
	make test-lp-token-wrapper
	make test-curve-rewards

test-gauge-proxy:
#  Implicit rule search has not been done.
#  Modification time never checked.
#  File has not been updated.
#  recipe to execute (from 'Makefile', line 219):
	make build-contract-gauge-proxy && make copy-wasm-file-gauge-proxy && make test-only-gauge-proxy

test-only-ownable:
#  Implicit rule search has not been done.
#  Modification time never checked.
#  File has not been updated.
#  recipe to execute (from 'Makefile', line 123):
	cargo test -p ownable-tests -- --nocapture

test-liquidity-gauge-reward-wrapper:
#  Implicit rule search has not been done.
#  Modification time never checked.
#  File has not been updated.
#  recipe to execute (from 'Makefile', line 223):
	make build-contract-liquidity-gauge-reward-wrapper && make copy-wasm-file-liquidity-gauge-reward-wrapper && make test-only-liquidity-gauge-reward-wrapper

test-liquidity-gauge-reward:
#  Implicit rule search has not been done.
#  Modification time never checked.
#  File has not been updated.
#  recipe to execute (from 'Makefile', line 221):
	make build-contract-liquidity-gauge-reward && make copy-wasm-file-liquidity-gauge-reward && make test-only-liquidity-gauge-reward

copy-wasm-file-vesting-escrow:
#  Implicit rule search has not been done.
#  Modification time never checked.
#  File has not been updated.
#  recipe to execute (from 'Makefile', line 187):
	cp ${wasm_src_path}/erc20-token.wasm ${vesting_escrow_des_wasm}
	cp ${wasm_src_path}/vesting-escrow-token.wasm ${vesting_escrow_des_wasm}
	cp ${wasm_src_path}/vesting-escrow-proxy-token.wasm ${vesting_escrow_des_wasm}

build-contract-ownable-test-contract:
#  Implicit rule search has not been done.
#  Modification time never checked.
#  File has not been updated.
#  recipe to execute (from 'Makefile', line 80):
	cargo build --release -p test --target wasm32-unknown-unknown

build-contract-ownable:
#  Implicit rule search has not been done.
#  Modification time never checked.
#  File has not been updated.
#  recipe to execute (from 'Makefile', line 78):
	cargo build --release -p ownable --target wasm32-unknown-unknown

build-lp-token-wrapper-session-code:
#  Implicit rule search has not been done.
#  Modification time never checked.
#  File has not been updated.
#  recipe to execute (from 'Makefile', line 82):
	cargo build --release -p lp-token-wrapper-session-code --target wasm32-unknown-unknown

# Not a target:
.SUFFIXES:
#  Implicit rule search has not been done.
#  Modification time never checked.
#  File has not been updated.

test-only-gauge-proxy:
#  Implicit rule search has not been done.
#  Modification time never checked.
#  File has not been updated.
#  recipe to execute (from 'Makefile', line 101):
	cargo test -p gauge-proxy-tests

test-only-vesting-escrow-factory:
#  Implicit rule search has not been done.
#  Modification time never checked.
#  File has not been updated.
#  recipe to execute (from 'Makefile', line 115):
	cargo test -p vesting-escrow-factory-tests

copy-wasm-file-curve-rewards:
#  Implicit rule search has not been done.
#  Modification time never checked.
#  File has not been updated.
#  recipe to execute (from 'Makefile', line 214):
	cp ${wasm_src_path}/erc20-token.wasm ${curve_rewards_des_wasm}
	cp ${wasm_src_path}/curve-rewards.wasm ${curve_rewards_des_wasm}
	cp ${wasm_src_path}/curve-rewards-session-code.wasm ${curve_rewards_des_wasm}

# Not a target:
Makefile:
#  Implicit rule search has been done.
#  Last modified 2022-06-08 12:00:53.358572631
#  File has been updated.
#  Successfully updated.

test-only-liquidity-gauge-reward:
#  Implicit rule search has not been done.
#  Modification time never checked.
#  File has not been updated.
#  recipe to execute (from 'Makefile', line 103):
	cargo test -p liquidity-gauge-reward-tests

test-only-erc20-crv:
#  Implicit rule search has not been done.
#  Modification time never checked.
#  File has not been updated.
#  recipe to execute (from 'Makefile', line 95):
	cargo test -p erc20_crv_tests

build-liquidity-gauge-wrapper-session-code:
#  Implicit rule search has not been done.
#  Modification time never checked.
#  File has not been updated.
#  recipe to execute (from 'Makefile', line 34):
	cargo build --release -p liquidity-gauge-wrapper-session-code --target wasm32-unknown-unknown	

test-i-reward-distribution-recipient:
#  Implicit rule search has not been done.
#  Modification time never checked.
#  File has not been updated.
#  recipe to execute (from 'Makefile', line 251):
	make build-i-reward-distribution-recipient && make copy-wasm-file-i-reward-distribution-recipient && make test-only-i-reward-distribution-recipient

clippy:
#  Implicit rule search has not been done.
#  Modification time never checked.
#  File has not been updated.
#  recipe to execute (from 'Makefile', line 308):
	cargo clippy --all-targets --all -- -D warnings

build-contract-gauge-proxy:
#  Implicit rule search has not been done.
#  Modification time never checked.
#  File has not been updated.
#  recipe to execute (from 'Makefile', line 48):
	cargo build --release -p gauge-proxy --target wasm32-unknown-unknown
	wasm-strip target/wasm32-unknown-unknown/release/gauge-proxy.wasm 2>/dev/null | true

prepare:
#  Implicit rule search has not been done.
#  Modification time never checked.
#  File has not been updated.
#  recipe to execute (from 'Makefile', line 24):
	rustup target add wasm32-unknown-unknown

test-fee-distributor:
#  Implicit rule search has not been done.
#  Modification time never checked.
#  File has not been updated.
#  recipe to execute (from 'Makefile', line 243):
	make build-contract-fee-distributor && make copy-wasm-file-fee-distributor && make test-only-fee-distributor

build-contract-vesting-escrow-factory:
#  Implicit rule search has not been done.
#  Modification time never checked.
#  File has not been updated.
#  recipe to execute (from 'Makefile', line 69):
	cargo build --release -p erc20 -p vesting-escrow-factory -p vesting-escrow-factory-proxy --target wasm32-unknown-unknown
	wasm-strip target/wasm32-unknown-unknown/release/vesting-escrow-factory.wasm 2>/dev/null | true

build-contract-liquidity-gauge-reward:
#  Implicit rule search has not been done.
#  Modification time never checked.
#  File has not been updated.
#  recipe to execute (from 'Makefile', line 51):
	cargo build --release -p session-code -p erc20_crv -p erc20 -p voting-escrow -p gauge-controller -p gauge-controller-proxy -p minter -p minter-proxy -p liquidity-gauge-reward --target wasm32-unknown-unknown
	wasm-strip target/wasm32-unknown-unknown/release/liquidity-gauge-reward.wasm 2>/dev/null | true

test-only-erc20:
#  Implicit rule search has not been done.
#  Modification time never checked.
#  File has not been updated.
#  recipe to execute (from 'Makefile', line 93):
	cargo test -p erc20-tests
 

build-contract-gauge-controller:
#  Implicit rule search has not been done.
#  Modification time never checked.
#  File has not been updated.
#  recipe to execute (from 'Makefile', line 45):
	cargo build --release -p erc20 -p voting-escrow -p gauge-controller -p gauge-controller-proxy --target wasm32-unknown-unknown
	wasm-strip target/wasm32-unknown-unknown/release/gauge-controller-token.wasm 2>/dev/null | true

test-erc20:
#  Implicit rule search has not been done.
#  Modification time never checked.
#  File has not been updated.
#  recipe to execute (from 'Makefile', line 239):
	make build-contract-erc20 && make copy-wasm-file-erc20 && make test-only-erc20

test-gauge-controller:
#  Implicit rule search has not been done.
#  Modification time never checked.
#  File has not been updated.
#  recipe to execute (from 'Makefile', line 245):
	make build-contract-gauge-controller && make copy-wasm-file-gauge-controller && make test-only-gauge-controller

build-contract-erc20-crv:
#  Implicit rule search has not been done.
#  Modification time never checked.
#  File has not been updated.
#  recipe to execute (from 'Makefile', line 39):
	cargo build --release -p erc20-crv-session-code -p erc20_crv --target wasm32-unknown-unknown
	wasm-strip target/wasm32-unknown-unknown/release/erc20_crv.wasm 2>/dev/null | true

copy-wasm-file-liquidity-gauge-reward-wrapper:
#  Implicit rule search has not been done.
#  Modification time never checked.
#  File has not been updated.
#  recipe to execute (from 'Makefile', line 160):
	cp ${wasm_src_path}/erc20-token.wasm ${liquidity_gauge_reward_wrapper_des_wasm}
	cp ${wasm_src_path}/liquidity-gauge-reward-wrapper.wasm ${liquidity_gauge_reward_wrapper_des_wasm}
	cp ${wasm_src_path}/liquidity-gauge-reward-wrapper-session-code.wasm ${liquidity_gauge_reward_wrapper_des_wasm}
	cp ${wasm_src_path}/minter-token.wasm ${liquidity_gauge_reward_wrapper_des_wasm}
	cp ${wasm_src_path}/liquidity-gauge-reward.wasm ${liquidity_gauge_reward_wrapper_des_wasm}
	cp ${wasm_src_path}/curve-rewards.wasm ${liquidity_gauge_reward_wrapper_des_wasm}
	cp ${wasm_src_path}/gauge-controller-token.wasm ${liquidity_gauge_reward_wrapper_des_wasm}
	cp ${wasm_src_path}/voting-escrow.wasm ${liquidity_gauge_reward_wrapper_des_wasm}
	cp ${wasm_src_path}/erc20_crv.wasm ${liquidity_gauge_reward_wrapper_des_wasm}

test-curve-token-v3:
#  Implicit rule search has not been done.
#  Modification time never checked.
#  File has not been updated.
#  recipe to execute (from 'Makefile', line 237):
	make build-contract-curve-token-v3 && make copy-wasm-file-curve-token-v3 && make test-only-curve-token-v3

test-minter:
#  Implicit rule search has not been done.
#  Modification time never checked.
#  File has not been updated.
#  recipe to execute (from 'Makefile', line 227):
	make build-contract-minter && make copy-wasm-file-minter && make test-only-minter

copy-wasm-file-curve-token-v3:
#  Implicit rule search has not been done.
#  Modification time never checked.
#  File has not been updated.
#  recipe to execute (from 'Makefile', line 130):
	cp ${wasm_src_path}/curve-token-v3.wasm ${curve_token_v3_des_wasm}

copy-wasm-file-reward-only-gauge:
#  Implicit rule search has not been done.
#  Modification time never checked.
#  File has not been updated.
#  recipe to execute (from 'Makefile', line 183):
	cp ${wasm_src_path}/erc20-token.wasm ${reward_only_gauge_des_wasm}
	cp ${wasm_src_path}/reward-only-gauge-token.wasm ${reward_only_gauge_des_wasm}
	cp ${wasm_src_path}/reward-only-gauge-proxy-token.wasm ${reward_only_gauge_des_wasm}

build-contract-erc20:
#  Implicit rule search has not been done.
#  Modification time never checked.
#  File has not been updated.
#  recipe to execute (from 'Makefile', line 36):
	cargo build --release -p erc20-proxy -p erc20 --target wasm32-unknown-unknown
	wasm-strip target/wasm32-unknown-unknown/release/erc20-token.wasm 2>/dev/null | true

copy-wasm-file-i-reward-distribution-recipient:
#  Implicit rule search has not been done.
#  Modification time never checked.
#  File has not been updated.
#  recipe to execute (from 'Makefile', line 208):
	cp ${wasm_src_path}/i-reward-distribution-recipient.wasm ${i_reward_distribution_recipient_des_wasm}

test-only-vesting-escrow:
#  Implicit rule search has not been done.
#  Modification time never checked.
#  File has not been updated.
#  recipe to execute (from 'Makefile', line 113):
	cargo test -p vesting-escrow-tests

test-ownable:
#  Implicit rule search has not been done.
#  Modification time never checked.
#  File has not been updated.
#  recipe to execute (from 'Makefile', line 249):
	make build-contract-ownable && make build-contract-ownable-test-contract && make copy-wasm-file-ownable && make test-only-ownable

test-liquidity-gauge-wrapper:
#  Implicit rule search has not been done.
#  Modification time never checked.
#  File has not been updated.
#  recipe to execute (from 'Makefile', line 225):
	make build-contract-liquidity-gauge-wrapper && make copy-wasm-file-liquidity-gauge-wrapper && make test-only-liquidity-gauge-wrapper

copy-wasm-file-vesting-escrow-simple:
#  Implicit rule search has not been done.
#  Modification time never checked.
#  File has not been updated.
#  recipe to execute (from 'Makefile', line 195):
	cp ${wasm_src_path}/erc20-token.wasm ${vesting_escrow_simple_des_wasm}
	cp ${wasm_src_path}/vesting-escrow-simple.wasm ${vesting_escrow_simple_des_wasm}
	cp ${wasm_src_path}/vesting-escrow-simple-proxy.wasm ${vesting_escrow_simple_des_wasm}
	# cp ${wasm_src_path}/*.wasm vesting-escrow-simple/vesting-escrow-simple-tests/wasm

copy-wasm-file-gauge-controller:
#  Implicit rule search has not been done.
#  Modification time never checked.
#  File has not been updated.
#  recipe to execute (from 'Makefile', line 143):
	cp ${wasm_src_path}/erc20-token.wasm ${gauge_controller_des_wasm}
	cp ${wasm_src_path}/voting-escrow.wasm ${gauge_controller_des_wasm}
	cp ${wasm_src_path}/gauge-controller-proxy-token.wasm ${gauge_controller_des_wasm}
	cp ${wasm_src_path}/gauge-controller-token.wasm ${gauge_controller_des_wasm}

test-reward-only-gauge:
#  Implicit rule search has not been done.
#  Modification time never checked.
#  File has not been updated.
#  recipe to execute (from 'Makefile', line 229):
	make build-contract-reward-only-gauge && make copy-wasm-file-reward-only-gauge && make test-only-reward-only-gauge

test-only-minter:
#  Implicit rule search has not been done.
#  Modification time never checked.
#  File has not been updated.
#  recipe to execute (from 'Makefile', line 109):
	cargo test -p minter-tests

copy-wasm-file-minter:
#  Implicit rule search has not been done.
#  Modification time never checked.
#  File has not been updated.
#  recipe to execute (from 'Makefile', line 176):
	cp ${wasm_src_path}/erc20-token.wasm ${minter_des_wasm}
	cp ${wasm_src_path}/voting-escrow.wasm ${minter_des_wasm}
	cp ${wasm_src_path}/minter-token.wasm ${minter_des_wasm}
	cp ${wasm_src_path}/minter-proxy-token.wasm ${minter_des_wasm}
	cp ${wasm_src_path}/gauge-controller-token.wasm ${minter_des_wasm}
	cp ${wasm_src_path}/gauge-controller-proxy-token.wasm ${minter_des_wasm}

test-only-curve-rewards:
#  Implicit rule search has not been done.
#  Modification time never checked.
#  File has not been updated.
#  recipe to execute (from 'Makefile', line 127):
	cargo test -p curve-rewards-tests -- --nocapture

copy-wasm-file-lp-token-wrapper:
#  Implicit rule search has not been done.
#  Modification time never checked.
#  File has not been updated.
#  recipe to execute (from 'Makefile', line 210):
	cp ${wasm_src_path}/erc20-token.wasm ${lp_token_wrapper_des_wasm}
	cp ${wasm_src_path}/lp-token-wrapper.wasm ${lp_token_wrapper_des_wasm}
	cp ${wasm_src_path}/lp-token-wrapper-session-code.wasm ${lp_token_wrapper_des_wasm}

test-voting-escrow:
#  Implicit rule search has not been done.
#  Modification time never checked.
#  File has not been updated.
#  recipe to execute (from 'Makefile', line 247):
	make build-contract-voting-escrow && make copy-wasm-file-voting-escrow && make test-only-voting-escrow

# Not a target:
.DEFAULT:
#  Implicit rule search has not been done.
#  Modification time never checked.
#  File has not been updated.

build-contract-vesting-escrow:
#  Implicit rule search has not been done.
#  Modification time never checked.
#  File has not been updated.
#  recipe to execute (from 'Makefile', line 66):
	cargo build --release -p erc20 -p vesting-escrow -p vesting-escrow-proxy --target wasm32-unknown-unknown
	wasm-strip target/wasm32-unknown-unknown/release/vesting-escrow.wasm 2>/dev/null | true

build-curve-rewards:
#  Implicit rule search has not been done.
#  Modification time never checked.
#  File has not been updated.
#  recipe to execute (from 'Makefile', line 88):
	cargo build --release -p erc20 -p curve-rewards --target wasm32-unknown-unknown

check-lint: clippy
#  Implicit rule search has not been done.
#  Modification time never checked.
#  File has not been updated.
#  recipe to execute (from 'Makefile', line 305):
	cargo fmt --all -- --check

build-contract-minter:
#  Implicit rule search has not been done.
#  Modification time never checked.
#  File has not been updated.
#  recipe to execute (from 'Makefile', line 60):
	cargo build --release -p erc20 -p voting-escrow -p gauge-controller -p gauge-controller-proxy -p minter -p minter-proxy --target wasm32-unknown-unknown
	wasm-strip target/wasm32-unknown-unknown/release/minter-token.wasm 2>/dev/null | true

copy-wasm-file-liquidity-gauge-wrapper:
#  Implicit rule search has not been done.
#  Modification time never checked.
#  File has not been updated.
#  recipe to execute (from 'Makefile', line 170):
	cp ${wasm_src_path}/erc20-token.wasm ${liquidity_gauge_wrapper_des_wasm}
	cp ${wasm_src_path}/liquidity-gauge-wrapper.wasm ${liquidity_gauge_wrapper_des_wasm}
	cp ${wasm_src_path}/liquidity-gauge-wrapper-session-code.wasm ${liquidity_gauge_wrapper_des_wasm}
	cp ${wasm_src_path}/minter-token.wasm ${liquidity_gauge_wrapper_des_wasm}
	cp ${wasm_src_path}/liquidity-gauge-reward.wasm ${liquidity_gauge_wrapper_des_wasm}

test-only-gauge-controller:
#  Implicit rule search has not been done.
#  Modification time never checked.
#  File has not been updated.
#  recipe to execute (from 'Makefile', line 99):
	cargo test -p gauge-controller-tests

copy-wasm-file-voting-escrow:
#  Implicit rule search has not been done.
#  Modification time never checked.
#  File has not been updated.
#  recipe to execute (from 'Makefile', line 200):
	cp ${wasm_src_path}/session-code.wasm ${voting_escrow_des_wasm}
	cp ${wasm_src_path}/erc20-token.wasm ${voting_escrow_des_wasm}
	cp ${wasm_src_path}/voting-escrow.wasm ${voting_escrow_des_wasm}
	cp ${wasm_src_path}/*.wasm ${voting_escrow_des_wasm}

copy-wasm-file-fee-distributor:
#  Implicit rule search has not been done.
#  Modification time never checked.
#  File has not been updated.
#  recipe to execute (from 'Makefile', line 138):
	cp ${wasm_src_path}/session-code.wasm ${fee_distributor_des_wasm}
	cp ${wasm_src_path}/erc20-token.wasm ${fee_distributor_des_wasm}
	cp ${wasm_src_path}/voting-escrow.wasm ${fee_distributor_des_wasm}
	cp ${wasm_src_path}/fee-distributor.wasm ${fee_distributor_des_wasm}

test-only-liquidity-gauge-reward-wrapper:
#  Implicit rule search has not been done.
#  Modification time never checked.
#  File has not been updated.
#  recipe to execute (from 'Makefile', line 105):
	cargo test -p liquidity-gauge-reward-wrapper-tests -- --nocapture

test-lp-token-wrapper:
#  Implicit rule search has not been done.
#  Modification time never checked.
#  File has not been updated.
#  recipe to execute (from 'Makefile', line 253):
	make build-contract-erc20 && make build-lp-token-wrapper-session-code && make build-lp-token-wrapper && make copy-wasm-file-lp-token-wrapper && make test-only-lp-token-wrapper

test-only-curve-token-v3:
#  Implicit rule search has not been done.
#  Modification time never checked.
#  File has not been updated.
#  recipe to execute (from 'Makefile', line 91):
	cargo test -p curve-token-v3-tests

test-erc20-crv:
#  Implicit rule search has not been done.
 
#  Modification time never checked.
#  File has not been updated.
#  recipe to execute (from 'Makefile', line 241):
	make build-contract-erc20-crv && make copy-wasm-file-erc20-crv && make test-only-erc20-crv

test-only-reward-only-gauge:
#  Implicit rule search has not been done.
#  Modification time never checked.
#  File has not been updated.
#  recipe to execute (from 'Makefile', line 111):
	cargo test -p reward-only-gauge-tests

test-only-i-reward-distribution-recipient:
#  Implicit rule search has not been done.
#  Modification time never checked.
#  File has not been updated.
#  recipe to execute (from 'Makefile', line 121):
	cargo test -p i-reward-distribution-recipient-tests

build-contract-liquidity-gauge-reward-wrapper:
#  Implicit rule search has not been done.
#  Modification time never checked.
#  File has not been updated.
#  recipe to execute (from 'Makefile', line 54):
	cargo build --release -p erc20_crv -p erc20 -p minter -p voting-escrow -p gauge-controller -p liquidity-gauge-reward -p liquidity-gauge-reward-wrapper -p liquidity-gauge-reward-wrapper-session-code -p curve-rewards --target wasm32-unknown-unknown
	wasm-strip target/wasm32-unknown-unknown/release/liquidity-gauge-reward-wrapper.wasm 2>/dev/null | true

build-i-reward-distribution-recipient:
#  Implicit rule search has not been done.
#  Modification time never checked.
#  File has not been updated.
#  recipe to execute (from 'Makefile', line 32):
	cargo build --release -p i-reward-distribution-recipient --target wasm32-unknown-unknown

lint: clippy
#  Implicit rule search has not been done.
#  Modification time never checked.
#  File has not been updated.
#  recipe to execute (from 'Makefile', line 302):
	cargo fmt --all

test-only-vesting-escrow-simple:
#  Implicit rule search has not been done.
#  Modification time never checked.
#  File has not been updated.
#  recipe to execute (from 'Makefile', line 117):
	cargo test -p vesting-escrow-simple-tests

build-contract-curve-token-v3:
#  Implicit rule search has not been done.
#  Modification time never checked.
#  File has not been updated.
#  recipe to execute (from 'Makefile', line 27):
	cargo build --release -p curve-token-v3 --target wasm32-unknown-unknown
	wasm-strip target/wasm32-unknown-unknown/release/curve-token-v3.wasm 2>/dev/null | true

copy-wasm-file-ownable:
#  Implicit rule search has not been done.
#  Modification time never checked.
#  File has not been updated.
#  recipe to execute (from 'Makefile', line 205):
	cp ${wasm_src_path}/ownable_test.wasm ${ownable_des_wasm}
	cp ${wasm_src_path}/ownable.wasm ${ownable_des_wasm}

build-contract-reward-only-gauge:
#  Implicit rule search has not been done.
#  Modification time never checked.
#  File has not been updated.
#  recipe to execute (from 'Makefile', line 63):
	cargo build --release -p erc20 -p reward-only-gauge -p reward-only-gauge-proxy --target wasm32-unknown-unknown
	wasm-strip target/wasm32-unknown-unknown/release/reward-only-gauge.wasm 2>/dev/null | true

test-vesting-escrow-factory:
#  Implicit rule search has not been done.
#  Modification time never checked.
#  File has not been updated.
#  recipe to execute (from 'Makefile', line 233):
	make build-contract-vesting-escrow-factory && make copy-wasm-file-vesting-escrow-factory && make test-only-vesting-escrow-factory

test-only-lp-token-wrapper:
#  Implicit rule search has not been done.
#  Modification time never checked.
#  File has not been updated.
#  recipe to execute (from 'Makefile', line 125):
	cargo test -p lp-token-wrapper-tests

test-vesting-escrow:
#  Implicit rule search has not been done.
#  Modification time never checked.
#  File has not been updated.
#  recipe to execute (from 'Makefile', line 231):
	make build-contract-vesting-escrow && make copy-wasm-file-vesting-escrow && make test-only-vesting-escrow

build-contract-vesting-escrow-simple:
#  Implicit rule search has not been done.
#  Modification time never checked.
#  File has not been updated.
#  recipe to execute (from 'Makefile', line 72):
	cargo build --release -p erc20 -p vesting-escrow-simple-proxy -p vesting-escrow-simple --target wasm32-unknown-unknown
	wasm-strip target/wasm32-unknown-unknown/release/vesting-escrow-simple.wasm 2>/dev/null | true

build-lp-token-wrapper:
#  Implicit rule search has not been done.
#  Modification time never checked.
#  File has not been updated.
#  recipe to execute (from 'Makefile', line 84):
	cargo build --release -p lp-token-wrapper --target wasm32-unknown-unknown

test-curve-rewards:
#  Implicit rule search has not been done.
#  Modification time never checked.
#  File has not been updated.
#  recipe to execute (from 'Makefile', line 255):
	make build-curve-rewards-session-code && make build-curve-rewards && make copy-wasm-file-curve-rewards && make test-only-curve-rewards

build-curve-rewards-session-code:
#  Implicit rule search has not been done.
#  Modification time never checked.
#  File has not been updated.
#  recipe to execute (from 'Makefile', line 86):
	cargo build --release -p curve-rewards-session-code --target wasm32-unknown-unknown

test-only-liquidity-gauge-wrapper:
#  Implicit rule search has not been done.
#  Modification time never checked.
#  File has not been updated.
#  recipe to execute (from 'Makefile', line 107):
	cargo test -p liquidity-gauge-wrapper-tests

copy-wasm-file-gauge-proxy:
#  Implicit rule search has not been done.
#  Modification time never checked.
#  File has not been updated.
#  recipe to execute (from 'Makefile', line 148):
	cp ${wasm_src_path}/gauge-proxy.wasm ${gauge_proxy_des_wasm}

clean:
#  Implicit rule search has not been done.
#  Modification time never checked.
#  File has not been updated.
#  recipe to execute (from 'Makefile', line 279):
	cargo clean
	rm -rf Cargo.lock
	rm -rf ${curve_token_v3_des_wasm}/*.wasm
	rm -rf ${erc20_des_wasm}/*.wasm
	rm -rf ${erc20_crv_des_wasm}/*.wasm
	rm -rf ${fee_distributor_des_wasm}/*.wasm
	rm -rf ${gauge_controller_des_wasm}/*.wasm
	rm -rf ${gauge_proxy_des_wasm}/*.wasm
	rm -rf ${liquidity_gauge_reward_des_wasm}/*.wasm
	rm -rf ${liquidity_gauge_reward_wrapper_des_wasm}/*.wasm
	rm -rf ${liquidity_gauge_wrapper_des_wasm}/*.wasm
	rm -rf ${minter_des_wasm}/*.wasm
	rm -rf ${reward_only_gauge_des_wasm}/*.wasm
	rm -rf ${vesting_escrow_des_wasm}/*.wasm
	rm -rf ${vesting_escrow_factory_des_wasm}/*.wasm
	rm -rf ${vesting_escrow_simple_des_wasm}/*.wasm
	rm -rf ${voting_escrow_des_wasm}/*.wasm
	rm -rf ${ownable_des_wasm}/*.wasm
	rm -rf ${i_reward_distribution_recipient_des_wasm}/*.wasm
	rm -rf ${lp_token_wrapper_des_wasm}/*.wasm
	rm -rf ${curve_rewards_des_wasm}/*.wasm

copy-wasm-file-vesting-escrow-factory:
#  Implicit rule search has not been done.
#  Modification time never checked.
#  File has not been updated.
#  recipe to execute (from 'Makefile', line 191):
	cp ${wasm_src_path}/erc20-token.wasm ${vesting_escrow_factory_des_wasm}
	cp ${wasm_src_path}/vesting-escrow-factory-token.wasm ${vesting_escrow_factory_des_wasm}
	cp ${wasm_src_path}/vesting-escrow-factory-proxy-token.wasm ${vesting_escrow_factory_des_wasm}

test-only-voting-escrow:
#  Implicit rule search has not been done.
#  Modification time never checked.
#  File has not been updated.
#  recipe to execute (from 'Makefile', line 119):
	cargo test -p voting-escrow-tests

copy-wasm-file-liquidity-gauge-reward:
#  Implicit rule search has not been done.
#  Modification time never checked.
#  File has not been updated.
#  recipe to execute (from 'Makefile', line 150):
	cp ${wasm_src_path}/session-code.wasm ${liquidity_gauge_reward_des_wasm}
	cp ${wasm_src_path}/erc20_crv.wasm ${liquidity_gauge_reward_des_wasm}
	cp ${wasm_src_path}/erc20-token.wasm ${liquidity_gauge_reward_des_wasm}
	cp ${wasm_src_path}/voting-escrow.wasm ${liquidity_gauge_reward_des_wasm}
	cp ${wasm_src_path}/gauge-controller-proxy-token.wasm ${liquidity_gauge_reward_des_wasm}
	cp ${wasm_src_path}/gauge-controller-token.wasm ${liquidity_gauge_reward_des_wasm}
	cp ${wasm_src_path}/minter-token.wasm ${liquidity_gauge_reward_des_wasm}
	cp ${wasm_src_path}/minter-proxy-token.wasm ${liquidity_gauge_reward_des_wasm}
	cp ${wasm_src_path}/liquidity-gauge-reward.wasm ${liquidity_gauge_reward_des_wasm}

test-only-fee-distributor:
#  Implicit rule search has not been done.
#  Modification time never checked.
#  File has not been updated.
#  recipe to execute (from 'Makefile', line 97):
	cargo test -p fee-distributor-tests

# files hash-table stats:
# Load=90/1024=9%, Rehash=0, Collisions=26/105=25%
# VPATH Search Paths

# No 'vpath' search paths.

# No general ('VPATH' variable) search path.

# strcache buffers: 1 (0) / strings = 125 / storage = 2876 B / avg = 23 B
# current buf: size = 8162 B / used = 2876 B / count = 125 / avg = 23 B

# strcache performance: lookups = 220 / hit rate = 43%
# hash-table stats:
# Load=125/8192=2%, Rehash=0, Collisions=5/220=2%
# Finished Make data base on Fri Jun 10 08:34:19 2022

 
